20:55:06.483                     epl                               dbgcommand():                                   using log file 'C:\Users\hutch\AppData\Roaming\Elgato\StreamDeck\logs\StreamDeck0.log'
20:55:06.483                     StreamDeck                        main():                                         Using preferences from \HKEY_CURRENT_USER\Software\Elgato Systems GmbH\StreamDeck
20:55:06.652                     StreamDeck                        EGQTTranslationManager::LoadLocalizations():    Could not load the 'en_CA' localization
20:55:06.656                     StreamDeck                        main():                                         Compiled with Qt 6.3.1 ; SSL: OpenSSL 1.1.1m  14 Dec 2021
20:55:06.656                     StreamDeck                        main():                                         Runtime SSL Supported: 1
20:55:06.656                     StreamDeck                        main():                                         Runtime SSL version used: OpenSSL 1.1.1q  5 Jul 2022
20:55:06.656                     StreamDeck                        main():                                         Start Stream Deck App -> Version: 6.0.2.17735
20:55:06.917                     StreamDeck                        ESDVSDServer::init():                           ### [SERVER] init
20:55:06.917                     StreamDeck                        ESDCUEHub::init():                              ### [CUESDK] init
20:55:06.920                     StreamDeck                        ESDCustomPluginCommunication::start():          Using port 28196 to communicate with plugins
20:55:06.920                     StreamDeck                        ESDPluginManager::LoadPluginsFromCore():        Load plugins from core...
20:55:06.923                     StreamDeck                        AccountMgr::InitializeAccountMgr():             AccountMgr initialized
20:55:06.923                     StreamDeck                        AccountMgr::ReloadAllAccountsFromPreferences(): Reload all accounts
20:55:06.932                     StreamDeck                        AccountMgr::RecreateServiceInstancesForType():  Recreate service instances for Twitter
20:55:06.932                     StreamDeck                        AccountMgr::RecreateServiceInstancesForType():  Recreate service instances for YouTube
20:55:06.932                     StreamDeck                        AccountMgr::RecreateServiceInstancesForType():  Recreate service instances for Streamlabs
20:55:06.952                     StreamDeck                        AccountMgr::RecreateServiceInstancesForType():  Recreate service instances for Twitch
20:55:06.958                     StreamDeck                        AccountMgr::RecreateServiceInstancesForType():  Recreate service instances for Facebook
20:55:07.452                     StreamDeck                        MainWindow::MainWindow():                       Running in high dpi mode: 1.00
20:55:08.075                     StreamDeck                        ESDVSDServer::resume():                         ### [SERVER] resuming
20:55:08.076                     StreamDeck                        ESDVSDServer::resume():                         ### [SERVER] port 28197 is available; starting Bonjour
20:55:08.076                     StreamDeck                        ESDVSDServer::refreshAllAddresses():            ### [SERVER] refreshing addresses
20:55:08.081                     StreamDeck                        ESDVSDServer::resume():                         ### [SERVER] resumed
20:55:08.179                     StreamDeck                        ESDAppController::bootstrap():                  All object init done!
20:55:08.572                     StreamDeck                        ESDSharedFileServer::ESDSharedFileServer():     mapfile location C:\ProgramData\Elgato\StreamDeck\STREAMDECKINTERNALSHM
20:55:08.705                     StreamDeck                        MainWindow::event():                            Wake up keypad(s).
20:55:08.785                     StreamDeck                        ESDVSDServer::onServicePublished():             ### [SERVER] Bonjour published
20:55:08.788                     StreamDeck                        ESDCustomPluginCommunication::onMessageReceived(): Plugin DF7E8E6E0FA8056E19E502C36FCE5FC7 is now connected
20:55:08.794                     StreamDeck                        ESDCustomPluginCommunication::onMessageReceived(): Plugin 5CA306BD1FFC6398A59383F5D6467C0F is now connected
20:55:08.806                     StreamDeck                        ESDCustomPluginCommunication::onMessageReceived(): Plugin 3F1B85B92B72EA155FCD32F95A4AE631 is now connected
20:55:08.834                     StreamDeck                        AccountMgr::onAccountLinkingSucceeded():        Twitch Account linked successfully
20:55:08.834                     StreamDeck                        AccountMgrMainThreadHelper::notifyAccountChanged(): Notify Twitch account changed (648894062) (0)
20:55:08.844                     StreamDeck                        EGQTCredentialStore::GetPasswordWithServerAndUserName(): CredRead() - GetLastError() 1168
20:55:08.931                     StreamDeck                        AccountMgr::onAccountLinkingSucceeded():        Streamlabs Account linked successfully
20:55:08.931                     StreamDeck                        AccountMgrMainThreadHelper::notifyAccountChanged(): Notify Streamlabs account changed (40723168) (0)
20:55:08.943                     StreamDeck                        EGQTCredentialStore::GetPasswordWithServerAndUserName(): CredRead() - GetLastError() 1168
20:55:09.140                     StreamDeck                        ESDCustomPluginCommunication::onMessageReceived(): Plugin C0873A315DAAA313E1C6E936FB02F2AE is now connected
20:55:09.141                     StreamDeck                        EGQTCredentialStore::GetPasswordWithServerAndUserName(): CredRead() - GetLastError() 1168
20:55:09.141                     StreamDeck                        EGQTCredentialStore::GetPasswordWithServerAndUserName(): CredRead() - GetLastError() 1168
20:55:09.148                     StreamDeck                        ESDCustomPluginCommunication::onMessageReceived(): Plugin F310F979F419E1094B4948AE473E3640 is now connected
20:55:09.148                     StreamDeck                        EGQTCredentialStore::GetPasswordWithServerAndUserName(): CredRead() - GetLastError() 1168
20:55:09.148                     StreamDeck                        EGQTCredentialStore::GetPasswordWithServerAndUserName(): CredRead() - GetLastError() 1168
20:55:09.157                     StreamDeck                        ESDCustomPluginCommunication::onMessageReceived(): Plugin F7F77623A834AF1E4B21D58835AFC33B is now connected
20:55:09.165                     StreamDeck                        ESDDiscoveryService::onServiceRequestFinished(): discovery posted successfully
20:55:09.166                     StreamDeck                        ESDCustomPluginCommunication::onMessageReceived(): Plugin 8CFF45D98EC4D9C4E1E49FE4E668C392 is now connected
20:55:10.223                     StreamDeck                        ESDCustomPluginCommunication::onMessageReceived(): Plugin 5A4D62185DA6A2B203829CDFECF02412 is now connected
20:55:10.370                     StreamDeck                        ESDCustomPluginCommunication::onMessageReceived(): Plugin BCC74BE7012F7DAF4D33EB2E4E2D343D is now connected
20:55:10.668                     StreamDeck                        ESDCustomPluginCommunication::onMessageReceived(): Plugin 714F32C78F60682A544BA208E1DFD4D0 is now connected
20:55:10.913                     StreamDeck                        ESDCustomPluginCommunication::onMessageReceived(): Plugin A1AC20CDAD6631401FAC8386757C47FE is now connected
20:55:10.921                     StreamDeck                        ESDCustomPluginCommunication::onMessageReceived(): Plugin 3F62BF7DF3693C6896B3995F459E416C is now connected
20:55:11.019                     StreamDeck                        ESDCustomPluginCommunication::onMessageReceived(): Plugin F6B2BC5ACBA8F717BDE9FB78A96E84E4 is now connected
20:55:11.094                     StreamDeck                        ESDCustomPluginCommunication::onMessageReceived(): Plugin 6757832BC8C681DC97B0DF8BE9EFE375 is now connected
20:55:11.100                     StreamDeck                        ESDCustomPluginCommunication::onMessageReceived(): Plugin 91C0D52EC1EB1C3BBB77016739B675C3 is now connected
20:55:11.120                     StreamDeck                        ESDCustomPluginCommunication::onMessageReceived(): Plugin 0B8D2BCB397963F817D9F3FECFDBE1B9 is now connected
20:55:12.125                     StreamDeck                        ESDObsConnectionManager::CreateSocket::<lambda_2aa1c9d242cae83e7007c40c4c7db86a>::operator ()(): SLOBS returned error Connection refused
20:55:12.429                     StreamDeck                        ESDVSDServer::incomingConnection():             ### [SERVER] incoming connection
20:55:12.640                     StreamDeck                        ESDAppStoreManager::UpdateAppStorePlugins():    Check for Plugin Store updates
20:55:12.640                     StreamDeck                        ESDAppStoreManager::UpdateAppStoreIconPacks():  Check for icon pack Store updates
20:55:13.083                     StreamDeck                        EGQTSWUpdateDialog::checkForUpdate():           Check for update 2: https://gc-updates.elgato.com/windows/sd-update/final/app-version-check.json
20:55:13.083                     StreamDeck                        EGQTSWUpdateDownloader::startDownload():        Download task name: Update File, file URL: https://gc-updates.elgato.com/windows/sd-update/final/app-version-check.json
20:55:13.392                     StreamDeck                        EGQTSWUpdateDialog::shouldUpdate():             current SW Ver: 6.0.2.17735, remote SW Ver: 5.3.3.15214
20:55:13.392                     StreamDeck                        EGQTSWUpdateDialog::handleUpdateFileDownloaded(): No update available
20:55:16.455                     StreamDeck                        ESDVSDServer::incomingConnection():             ### [SERVER] incoming connection
20:55:16.470                     StreamDeck                        ESDVSDServer::onRemoteInquiredCtrl():           ### [SERVER] incoming ctrl inquire -- creating session
20:55:16.485                     StreamDeck                        ESDVSDServer::incomingConnection():             ### [SERVER] incoming connection
20:55:16.507                     StreamDeck                        ESDVSDServer::onRemoteInquiredData():           ### [SERVER] incoming data inquire -- creating data channel
20:55:16.507                     StreamDeck                        ESDVSDServer::onRemoteEstablishedSession():     ### [SERVER] remote established session
20:55:16.508                     StreamDeck                        ESDAppController::onDeviceStatusChanged():      Device connected, id: @(8)[613635ff-8066-4bb3-81dd-9258ae380cd0], serial number: 613635ff-8066-4bb3-81dd-9258ae380cd0, firmware version: 1.3.0.54
20:55:16.874                     StreamDeck                        ESDPreferenceTabGeneral::DeviceStateChangedNotification(): Serial No: 613635ff-8066-4bb3-81dd-9258ae380cd0
20:55:19.578                     StreamDeck                        KA_Execute::execute():                          execute C:/Windows/system32/cmd.exe
20:55:21.132                     StreamDeck                        ESDObsConnectionManager::CreateSocket::<lambda_2aa1c9d242cae83e7007c40c4c7db86a>::operator ()(): SLOBS returned error Connection refused
20:55:25.433                     StreamDeck                        MainWindow::event():                            Wake up keypad(s).
20:55:29.392                     StreamDeck                        MainWindow::event():                            Wake up keypad(s).
20:55:30.131                     StreamDeck                        ESDObsConnectionManager::CreateSocket::<lambda_2aa1c9d242cae83e7007c40c4c7db86a>::operator ()(): SLOBS returned error Connection refused
20:55:39.136                     StreamDeck                        ESDObsConnectionManager::CreateSocket::<lambda_2aa1c9d242cae83e7007c40c4c7db86a>::operator ()(): SLOBS returned error Connection refused
21:11:31.260                     StreamDeck                        MainWindow::event():                            Wake up keypad(s).
21:20:44.526                     StreamDeck                        MainWindow::event():                            Wake up keypad(s).
21:21:42.719                     StreamDeck                        MainWindow::event():                            Wake up keypad(s).
21:25:59.334                     StreamDeck                        KA_Execute::execute():                          execute C:/Windows/system32/cmd.exe
21:27:45.573                     StreamDeck                        MainWindow::event():                            Wake up keypad(s).
21:30:10.265                     StreamDeck                        MainWindow::event():                            Wake up keypad(s).
21:30:17.013                     StreamDeck                        MainWindow::event():                            Wake up keypad(s).
21:32:57.083                     StreamDeck                        MainWindow::event():                            Wake up keypad(s).
21:34:32.976                     StreamDeck                        MainWindow::event():                            Wake up keypad(s).
21:38:11.864                     StreamDeck                        MainWindow::event():                            Wake up keypad(s).
21:39:49.539                     StreamDeck                        MainWindow::event():                            Wake up keypad(s).
00:05:56.708                     StreamDeck                        ESDQueryEndSessionFilter::nativeEventFilter():  WM_QUERYENDSESSION - shutdown requested.
00:05:56.708                     StreamDeck                        ESDStreamDeckApplication::cleanQuit():          Application should quit
00:05:57.021                     StreamDeck                        ESDStreamDeckApplication::cleanQuit():          Waiting for custom plugins to quit
00:05:58.021                     StreamDeck                        main():                                         Application is quitting
00:05:58.033                     StreamDeck                        ESDCUEHub::shutdown():                          ### [CUESDK] shutdown
00:05:58.033                     StreamDeck                        ESDVSDServer::shutdown():                       ### [SERVER] shutdown
00:05:58.033                     StreamDeck                        ESDVSDServer::suspend():                        ### [SERVER] suspending
00:05:58.050                     StreamDeck                        AccountMgr::~AccountMgr():                      Deleting AccountMgr
00:05:58.051                     StreamDeck                        ESDSharedFileServer::close():                   Close SharedFile
00:05:58.051                     StreamDeck                        main():                                         Application quit
