18:32:09.450                     epl                               dbgcommand():                                   using log file 'C:\Users\hutch\AppData\Roaming\Elgato\StreamDeck\logs\StreamDeck0.log'
18:32:09.451                     StreamDeck                        main():                                         Using preferences from \HKEY_CURRENT_USER\Software\Elgato Systems GmbH\StreamDeck
18:32:09.451                     StreamDeck                        main():                                         Arguments:
18:32:09.451                     StreamDeck                        main():                                         C:\Program Files\Elgato\StreamDeck\StreamDeck.exe
18:32:09.451                     StreamDeck                        main():                                         --runinbk
18:32:09.957                     StreamDeck                        EGQTTranslationManager::LoadLocalizations():    Could not load the 'en_CA' localization
18:32:10.012                     StreamDeck                        main():                                         Compiled with Qt 6.3.1 ; SSL: OpenSSL 1.1.1m  14 Dec 2021
18:32:10.013                     StreamDeck                        main():                                         Runtime SSL Supported: 1
18:32:10.013                     StreamDeck                        main():                                         Runtime SSL version used: OpenSSL 1.1.1q  5 Jul 2022
18:32:10.013                     StreamDeck                        main():                                         Start Stream Deck App -> Version: 6.0.2.17735
18:32:10.366                     StreamDeck                        ESDVSDServer::init():                           ### [SERVER] init
18:32:10.367                     StreamDeck                        ESDCUEHub::init():                              ### [CUESDK] init
18:32:10.372                     StreamDeck                        ESDCustomPluginCommunication::start():          Using port 28196 to communicate with plugins
18:32:10.372                     StreamDeck                        ESDPluginManager::LoadPluginsFromCore():        Load plugins from core...
18:32:10.376                     StreamDeck                        AccountMgr::InitializeAccountMgr():             AccountMgr initialized
18:32:10.376                     StreamDeck                        AccountMgr::ReloadAllAccountsFromPreferences(): Reload all accounts
18:32:10.389                     StreamDeck                        AccountMgr::RecreateServiceInstancesForType():  Recreate service instances for Twitter
18:32:10.389                     StreamDeck                        AccountMgr::RecreateServiceInstancesForType():  Recreate service instances for YouTube
18:32:10.389                     StreamDeck                        AccountMgr::RecreateServiceInstancesForType():  Recreate service instances for Streamlabs
18:32:10.423                     StreamDeck                        AccountMgr::RecreateServiceInstancesForType():  Recreate service instances for Twitch
18:32:10.430                     StreamDeck                        AccountMgr::RecreateServiceInstancesForType():  Recreate service instances for Facebook
18:32:11.292                     StreamDeck                        MainWindow::MainWindow():                       Running in high dpi mode: 1.00
18:32:11.679                     StreamDeck                        ESDVSDServer::resume():                         ### [SERVER] resuming
18:32:11.680                     StreamDeck                        ESDVSDServer::resume():                         ### [SERVER] port 28197 is available; starting Bonjour
18:32:11.680                     StreamDeck                        ESDVSDServer::refreshAllAddresses():            ### [SERVER] refreshing addresses
18:32:11.685                     StreamDeck                        ESDVSDServer::resume():                         ### [SERVER] resumed
18:32:11.944                     StreamDeck                        ESDAppController::bootstrap():                  All object init done!
18:32:12.224                     StreamDeck                        ESDSharedFileServer::ESDSharedFileServer():     mapfile location C:\ProgramData\Elgato\StreamDeck\STREAMDECKINTERNALSHM
18:32:12.249                     StreamDeck                        ESDCustomPluginCommunication::onMessageReceived(): Plugin 91419E503CD6D6D97E4E1FC71A92BAE1 is now connected
18:32:12.250                     StreamDeck                        ESDCustomPluginCommunication::onMessageReceived(): Plugin 6E593941E684953F50B0EB3B31F4CAE2 is now connected
18:32:12.280                     StreamDeck                        ESDCustomPluginCommunication::onMessageReceived(): Plugin 98915C47961A139E1D53BCACD7B36399 is now connected
18:32:12.395                     StreamDeck                        ESDVSDServer::onServicePublished():             ### [SERVER] Bonjour published
18:32:12.415                     StreamDeck                        AccountMgr::onAccountLinkingSucceeded():        Twitch Account linked successfully
18:32:12.415                     StreamDeck                        AccountMgrMainThreadHelper::notifyAccountChanged(): Notify Twitch account changed (648894062) (0)
18:32:12.415                     StreamDeck                        AccountMgr::onAccountLinkingSucceeded():        Streamlabs Account linked successfully
18:32:12.424                     StreamDeck                        EGQTCredentialStore::GetPasswordWithServerAndUserName(): CredRead() - GetLastError() 1168
18:32:12.430                     StreamDeck                        AccountMgrMainThreadHelper::notifyAccountChanged(): Notify Streamlabs account changed (40723168) (0)
18:32:12.438                     StreamDeck                        EGQTCredentialStore::GetPasswordWithServerAndUserName(): CredRead() - GetLastError() 1168
18:32:12.702                     StreamDeck                        ESDDiscoveryService::onServiceRequestFinished(): discovery posted successfully
18:32:12.895                     StreamDeck                        ESDCustomPluginCommunication::onMessageReceived(): Plugin 90DFB8F6414B80856060FC336B786767 is now connected
18:32:12.895                     StreamDeck                        EGQTCredentialStore::GetPasswordWithServerAndUserName(): CredRead() - GetLastError() 1168
18:32:12.896                     StreamDeck                        EGQTCredentialStore::GetPasswordWithServerAndUserName(): CredRead() - GetLastError() 1168
18:32:12.908                     StreamDeck                        ESDCustomPluginCommunication::onMessageReceived(): Plugin 9551DB0CED0ED3126032C8702822440F is now connected
18:32:12.908                     StreamDeck                        EGQTCredentialStore::GetPasswordWithServerAndUserName(): CredRead() - GetLastError() 1168
18:32:12.909                     StreamDeck                        EGQTCredentialStore::GetPasswordWithServerAndUserName(): CredRead() - GetLastError() 1168
18:32:12.919                     StreamDeck                        ESDCustomPluginCommunication::onMessageReceived(): Plugin A4DACCE3E31141E2A748EF1506B5F3A4 is now connected
18:32:12.943                     StreamDeck                        ESDCustomPluginCommunication::onMessageReceived(): Plugin 56E41B6E59A056E8318FAE5A1BB7831F is now connected
18:32:14.052                     StreamDeck                        ESDCustomPluginCommunication::onMessageReceived(): Plugin 2AF7EDA07CAAF687F8185E13F56AAAB3 is now connected
18:32:14.061                     StreamDeck                        ESDCustomPluginCommunication::onMessageReceived(): Plugin 6987BFD667F059B5DE404BA4B2F3CD81 is now connected
18:32:14.232                     StreamDeck                        ESDCustomPluginCommunication::onMessageReceived(): Plugin 51E4087DA26B1C895ABA738AE28737F8 is now connected
18:32:14.851                     StreamDeck                        ESDCustomPluginCommunication::onMessageReceived(): Plugin 0BA788FAD7167B7996213F0AE72C0977 is now connected
18:32:14.855                     StreamDeck                        ESDCustomPluginCommunication::onMessageReceived(): Plugin 601E995FD62CEE4D864496B14AC3B7D4 is now connected
18:32:14.859                     StreamDeck                        ESDCustomPluginCommunication::onMessageReceived(): Plugin B5C9CE69F6D1D66F932C9647B1B33D20 is now connected
18:32:14.869                     StreamDeck                        ESDCustomPluginCommunication::onMessageReceived(): Plugin 82B22E87A7C25E97C1139A7546F11B1B is now connected
18:32:14.895                     StreamDeck                        ESDCustomPluginCommunication::onMessageReceived(): Plugin 7FA5BF4677637C46E09A0E60E4A7756C is now connected
18:32:14.917                     StreamDeck                        ESDCustomPluginCommunication::onMessageReceived(): Plugin B19B51F80F945B259D69BF9658E72C3D is now connected
18:32:15.692                     StreamDeck                        ESDObsConnectionManager::CreateSocket::<lambda_2aa1c9d242cae83e7007c40c4c7db86a>::operator ()(): SLOBS returned error Connection refused
18:32:16.409                     StreamDeck                        ESDAppStoreManager::UpdateAppStorePlugins():    Check for Plugin Store updates
18:32:16.409                     StreamDeck                        ESDAppStoreManager::UpdateAppStoreIconPacks():  Check for icon pack Store updates
18:32:16.697                     StreamDeck                        EGQTSWUpdateDialog::checkForUpdate():           Check for update 2: https://gc-updates.elgato.com/windows/sd-update/final/app-version-check.json
18:32:16.697                     StreamDeck                        EGQTSWUpdateDownloader::startDownload():        Download task name: Update File, file URL: https://gc-updates.elgato.com/windows/sd-update/final/app-version-check.json
18:32:17.018                     StreamDeck                        EGQTSWUpdateDialog::shouldUpdate():             current SW Ver: 6.0.2.17735, remote SW Ver: 5.3.3.15214
18:32:17.018                     StreamDeck                        EGQTSWUpdateDialog::handleUpdateFileDownloaded(): No update available
18:32:20.272                     epl                               dbgcommand():                                   using log file 'C:\Users\hutch\AppData\Roaming\Elgato\StreamDeck\logs\StreamDeck0.log'
18:32:20.273                     StreamDeck                        main():                                         Using preferences from \HKEY_CURRENT_USER\Software\Elgato Systems GmbH\StreamDeck
18:32:20.536                     StreamDeck                        EGQTTranslationManager::LoadLocalizations():    Could not load the 'en_CA' localization
18:32:20.541                     StreamDeck                        main():                                         Compiled with Qt 6.3.1 ; SSL: OpenSSL 1.1.1m  14 Dec 2021
18:32:20.541                     StreamDeck                        main():                                         Runtime SSL Supported: 1
18:32:20.541                     StreamDeck                        main():                                         Runtime SSL version used: OpenSSL 1.1.1q  5 Jul 2022
18:32:20.541                     StreamDeck                        main():                                         Another Stream Deck instance is running. Quit!
18:32:20.541                     StreamDeck                        ESDSharedFileServer::ESDSharedFileServer():     mapfile location C:\ProgramData\Elgato\StreamDeck\STREAMDECKINTERNALSHM
18:32:20.541                     StreamDeck                        ESDSharedFileServer::close():                   Close SharedFile
18:32:20.641                     StreamDeck                        MainWindow::event():                            Wake up keypad(s).
18:32:24.848                     StreamDeck                        ESDObsConnectionManager::CreateSocket::<lambda_2aa1c9d242cae83e7007c40c4c7db86a>::operator ()(): SLOBS returned error Connection refused
18:32:31.088                     StreamDeck                        ESDVSDServer::incomingConnection():             ### [SERVER] incoming connection
18:32:31.107                     StreamDeck                        ESDVSDServer::onRemoteInquiredCtrl():           ### [SERVER] incoming ctrl inquire -- creating session
18:32:31.115                     StreamDeck                        ESDVSDServer::incomingConnection():             ### [SERVER] incoming connection
18:32:31.117                     StreamDeck                        ESDVSDServer::onRemoteInquiredData():           ### [SERVER] incoming data inquire -- creating data channel
18:32:31.118                     StreamDeck                        ESDVSDServer::onRemoteEstablishedSession():     ### [SERVER] remote established session
18:32:31.119                     StreamDeck                        ESDAppController::onDeviceStatusChanged():      Device connected, id: @(8)[613635ff-8066-4bb3-81dd-9258ae380cd0], serial number: 613635ff-8066-4bb3-81dd-9258ae380cd0, firmware version: 1.3.0.54
18:32:31.161                     StreamDeck                        ESDPreferenceTabGeneral::DeviceStateChangedNotification(): Serial No: 613635ff-8066-4bb3-81dd-9258ae380cd0
18:32:31.659                     StreamDeck                        ESDVSDServer::incomingConnection():             ### [SERVER] incoming connection
18:32:33.848                     StreamDeck                        ESDObsConnectionManager::CreateSocket::<lambda_2aa1c9d242cae83e7007c40c4c7db86a>::operator ()(): SLOBS returned error Connection refused
18:32:34.942                     StreamDeck                        KA_Execute::execute():                          Invalid key press: failed to execute: 
18:32:41.062                     StreamDeck                        MainWindow::event():                            Wake up keypad(s).
18:32:42.855                     StreamDeck                        ESDObsConnectionManager::CreateSocket::<lambda_2aa1c9d242cae83e7007c40c4c7db86a>::operator ()(): SLOBS returned error Connection refused
18:33:00.926                     StreamDeck                        ESDCustomPluginCommunication::onMessageReceived(): PI 0C17C02946B864861B96876851E0B067 is now connected
18:33:02.382                     StreamDeck                        ESDCustomPluginCommunication::onMessageReceived(): PI 2E400CED6A507A9B195F34FD393CDA3D is now connected
18:33:03.246                     StreamDeck                        ESDCustomPluginCommunication::onMessageReceived(): PI B836111DB8A33FB523A6A908BB869AE6 is now connected
18:33:03.831                     StreamDeck                        ESDCustomPluginCommunication::onMessageReceived(): PI 60CE5F5CA020323A8285B6CBEB494D50 is now connected
18:33:05.176                     StreamDeck                        ESDCustomPluginCommunication::onMessageReceived(): PI C7F98E3F608F37DE0C8E7506FBCFE1B9 is now connected
18:33:57.910                     StreamDeck                        KA_Execute::execute():                          execute C:/Windows/System32/WindowsPowerShell/v1.0/powershell.exe
20:13:13.240                     StreamDeck                        KA_Execute::execute():                          execute C:/Windows/System32/WindowsPowerShell/v1.0/powershell.exe
20:13:19.277                     StreamDeck                        KA_Execute::execute():                          execute C:/Windows/System32/WindowsPowerShell/v1.0/powershell.exe
20:13:23.787                     StreamDeck                        KA_Execute::execute():                          execute C:/Windows/System32/WindowsPowerShell/v1.0/powershell.exe
23:24:10.579                     StreamDeck                        ESDQueryEndSessionFilter::nativeEventFilter():  WM_QUERYENDSESSION - shutdown requested.
23:24:10.579                     StreamDeck                        ESDStreamDeckApplication::cleanQuit():          Application should quit
23:24:10.691                     StreamDeck                        ESDStreamDeckApplication::cleanQuit():          Waiting for custom plugins to quit
23:24:11.692                     StreamDeck                        main():                                         Application is quitting
23:24:11.704                     StreamDeck                        ESDCUEHub::shutdown():                          ### [CUESDK] shutdown
23:24:11.704                     StreamDeck                        ESDVSDServer::shutdown():                       ### [SERVER] shutdown
23:24:11.704                     StreamDeck                        ESDVSDServer::suspend():                        ### [SERVER] suspending
23:24:11.767                     StreamDeck                        AccountMgr::~AccountMgr():                      Deleting AccountMgr
23:24:11.768                     StreamDeck                        ESDSharedFileServer::close():                   Close SharedFile
23:24:11.768                     StreamDeck                        main():                                         Application quit
