09:41:23.759                     epl                               dbgcommand():                                   using log file 'C:\Users\hutch\AppData\Roaming\Elgato\StreamDeck\logs\StreamDeck0.log'
09:41:23.759                     StreamDeck                        main():                                         Using preferences from \HKEY_CURRENT_USER\Software\Elgato Systems GmbH\StreamDeck
09:41:23.760                     StreamDeck                        main():                                         Arguments:
09:41:23.760                     StreamDeck                        main():                                         C:\Program Files\Elgato\StreamDeck\StreamDeck.exe
09:41:23.760                     StreamDeck                        main():                                         --runinbk
09:41:24.061                     StreamDeck                        EGQTTranslationManager::LoadLocalizations():    Could not load the 'en_CA' localization
09:41:24.066                     StreamDeck                        main():                                         Compiled with Qt 6.3.1 ; SSL: OpenSSL 1.1.1m  14 Dec 2021
09:41:24.066                     StreamDeck                        main():                                         Runtime SSL Supported: 1
09:41:24.066                     StreamDeck                        main():                                         Runtime SSL version used: OpenSSL 1.1.1q  5 Jul 2022
09:41:24.066                     StreamDeck                        main():                                         Start Stream Deck App -> Version: 6.0.2.17735
09:41:24.293                     StreamDeck                        ESDVSDServer::init():                           ### [SERVER] init
09:41:24.293                     StreamDeck                        ESDCUEHub::init():                              ### [CUESDK] init
09:41:24.296                     StreamDeck                        ESDCustomPluginCommunication::start():          Using port 28196 to communicate with plugins
09:41:24.296                     StreamDeck                        ESDPluginManager::LoadPluginsFromCore():        Load plugins from core...
09:41:24.300                     StreamDeck                        AccountMgr::InitializeAccountMgr():             AccountMgr initialized
09:41:24.300                     StreamDeck                        AccountMgr::ReloadAllAccountsFromPreferences(): Reload all accounts
09:41:24.311                     StreamDeck                        AccountMgr::RecreateServiceInstancesForType():  Recreate service instances for Twitter
09:41:24.311                     StreamDeck                        AccountMgr::RecreateServiceInstancesForType():  Recreate service instances for YouTube
09:41:24.311                     StreamDeck                        AccountMgr::RecreateServiceInstancesForType():  Recreate service instances for Streamlabs
09:41:24.330                     StreamDeck                        AccountMgr::RecreateServiceInstancesForType():  Recreate service instances for Twitch
09:41:24.336                     StreamDeck                        AccountMgr::RecreateServiceInstancesForType():  Recreate service instances for Facebook
09:41:24.968                     StreamDeck                        MainWindow::MainWindow():                       Running in high dpi mode: 1.00
09:41:25.200                     StreamDeck                        ESDVSDServer::resume():                         ### [SERVER] resuming
09:41:25.200                     StreamDeck                        ESDVSDServer::resume():                         ### [SERVER] port 28197 is available; starting Bonjour
09:41:25.200                     StreamDeck                        ESDVSDServer::refreshAllAddresses():            ### [SERVER] refreshing addresses
09:41:25.205                     StreamDeck                        ESDVSDServer::resume():                         ### [SERVER] resumed
09:41:25.350                     StreamDeck                        ESDAppController::bootstrap():                  All object init done!
09:41:25.691                     StreamDeck                        ESDSharedFileServer::ESDSharedFileServer():     mapfile location C:\ProgramData\Elgato\StreamDeck\STREAMDECKINTERNALSHM
09:41:25.710                     StreamDeck                        ESDCustomPluginCommunication::onMessageReceived(): Plugin 73549CF15ACB396F8AFDEEAB35C5FC18 is now connected
09:41:25.718                     StreamDeck                        ESDCustomPluginCommunication::onMessageReceived(): Plugin D24219EFF7F6E8B8D6102F38835137D4 is now connected
09:41:25.724                     StreamDeck                        ESDCustomPluginCommunication::onMessageReceived(): Plugin FF32FABF3BB11A93109B41237995506A is now connected
09:41:25.746                     StreamDeck                        ESDAppController::onDeviceStatusChanged():      Device connected, id: @(1)[4057/96/AL01H1A03428], serial number: AL01H1A03428, firmware version: 1.0.191203
09:41:25.761                     StreamDeck                        ESDPreferenceTabGeneral::DeviceStateChangedNotification(): Dev FW ver: 1.0.191203.0, Embed FW ver: 1.0.191203.0
09:41:25.761                     StreamDeck                        ESDPreferenceTabGeneral::DeviceStateChangedNotification(): show update fw button: no
09:41:25.761                     StreamDeck                        ESDPreferenceTabGeneral::DeviceStateChangedNotification(): Serial No: AL01H1A03428
09:41:25.839                     StreamDeck                        AccountMgr::onAccountLinkingSucceeded():        Twitch Account linked successfully
09:41:25.840                     StreamDeck                        AccountMgrMainThreadHelper::notifyAccountChanged(): Notify Twitch account changed (648894062) (0)
09:41:25.848                     StreamDeck                        EGQTCredentialStore::GetPasswordWithServerAndUserName(): CredRead() - GetLastError() 1168
09:41:25.858                     StreamDeck                        ESDVSDServer::onServicePublished():             ### [SERVER] Bonjour published
09:41:25.874                     StreamDeck                        AccountMgr::onAccountLinkingSucceeded():        Streamlabs Account linked successfully
09:41:25.874                     StreamDeck                        AccountMgrMainThreadHelper::notifyAccountChanged(): Notify Streamlabs account changed (40723168) (0)
09:41:25.881                     StreamDeck                        EGQTCredentialStore::GetPasswordWithServerAndUserName(): CredRead() - GetLastError() 1168
09:41:26.102                     StreamDeck                        ESDCustomPluginCommunication::onMessageReceived(): Plugin A843913320E1FC4CE9838555F02B1B49 is now connected
09:41:26.102                     StreamDeck                        EGQTCredentialStore::GetPasswordWithServerAndUserName(): CredRead() - GetLastError() 1168
09:41:26.103                     StreamDeck                        EGQTCredentialStore::GetPasswordWithServerAndUserName(): CredRead() - GetLastError() 1168
09:41:26.104                     StreamDeck                        ESDCustomPluginCommunication::onMessageReceived(): Plugin AE04A64B5FDDE61E7CD60DF43B56674D is now connected
09:41:26.118                     StreamDeck                        ESDCustomPluginCommunication::onMessageReceived(): Plugin A3B1D2354152C2291299AD96C0EBA9AD is now connected
09:41:26.202                     StreamDeck                        ESDCustomPluginCommunication::onMessageReceived(): Plugin AFAE894D85B3BA8D1D531FC5840CC4BE is now connected
09:41:26.203                     StreamDeck                        EGQTCredentialStore::GetPasswordWithServerAndUserName(): CredRead() - GetLastError() 1168
09:41:26.203                     StreamDeck                        EGQTCredentialStore::GetPasswordWithServerAndUserName(): CredRead() - GetLastError() 1168
09:41:26.206                     StreamDeck                        ESDDiscoveryService::onServiceRequestFinished(): discovery posted successfully
09:41:27.223                     StreamDeck                        ESDCustomPluginCommunication::onMessageReceived(): Plugin 7D107E683866886A71CB09521B1A88D1 is now connected
09:41:27.519                     StreamDeck                        ESDCustomPluginCommunication::onMessageReceived(): Plugin 3784A571C2CBE8F729D8FF2EE0494289 is now connected
09:41:27.564                     StreamDeck                        ESDCustomPluginCommunication::onMessageReceived(): Plugin CA0E77E98B114C2CC36611DEA4120011 is now connected
09:41:28.016                     StreamDeck                        ESDCustomPluginCommunication::onMessageReceived(): Plugin 0DED87971D355F99C93BA1B668823A80 is now connected
09:41:28.024                     StreamDeck                        ESDCustomPluginCommunication::onMessageReceived(): Plugin C4229FFB615C2FC2BCA45F0702E5839E is now connected
09:41:28.064                     StreamDeck                        ESDCustomPluginCommunication::onMessageReceived(): Plugin D9F95E0CB323A7AF7EEBF616A6434D9B is now connected
09:41:28.164                     StreamDeck                        ESDCustomPluginCommunication::onMessageReceived(): Plugin C6B3B466DFE2A974DE5B6B4FD5574A78 is now connected
09:41:28.181                     StreamDeck                        ESDCustomPluginCommunication::onMessageReceived(): Plugin E1C9621E3C3DDA3C99ADDC1191915F6B is now connected
09:41:28.226                     StreamDeck                        ESDCustomPluginCommunication::onMessageReceived(): Plugin D7C8888560CE12F5E79381860023169F is now connected
09:41:29.210                     StreamDeck                        ESDObsConnectionManager::CreateSocket::<lambda_2aa1c9d242cae83e7007c40c4c7db86a>::operator ()(): SLOBS returned error Connection refused
09:41:30.080                     StreamDeck                        ESDAppStoreManager::UpdateAppStorePlugins():    Check for Plugin Store updates
09:41:30.080                     StreamDeck                        ESDAppStoreManager::UpdateAppStoreIconPacks():  Check for icon pack Store updates
09:41:30.202                     StreamDeck                        EGQTSWUpdateDialog::checkForUpdate():           Check for update 2: https://gc-updates.elgato.com/windows/sd-update/final/app-version-check.json
09:41:30.202                     StreamDeck                        EGQTSWUpdateDownloader::startDownload():        Download task name: Update File, file URL: https://gc-updates.elgato.com/windows/sd-update/final/app-version-check.json
09:41:30.559                     StreamDeck                        EGQTSWUpdateDialog::shouldUpdate():             current SW Ver: 6.0.2.17735, remote SW Ver: 5.3.3.15214
09:41:30.559                     StreamDeck                        EGQTSWUpdateDialog::handleUpdateFileDownloaded(): No update available
09:41:33.415                     epl                               dbgcommand():                                   using log file 'C:\Users\hutch\AppData\Roaming\Elgato\StreamDeck\logs\StreamDeck0.log'
09:41:33.415                     StreamDeck                        main():                                         Using preferences from \HKEY_CURRENT_USER\Software\Elgato Systems GmbH\StreamDeck
09:41:33.649                     StreamDeck                        EGQTTranslationManager::LoadLocalizations():    Could not load the 'en_CA' localization
09:41:33.654                     StreamDeck                        main():                                         Compiled with Qt 6.3.1 ; SSL: OpenSSL 1.1.1m  14 Dec 2021
09:41:33.654                     StreamDeck                        main():                                         Runtime SSL Supported: 1
09:41:33.654                     StreamDeck                        main():                                         Runtime SSL version used: OpenSSL 1.1.1q  5 Jul 2022
09:41:33.654                     StreamDeck                        main():                                         Another Stream Deck instance is running. Quit!
09:41:33.654                     StreamDeck                        ESDSharedFileServer::ESDSharedFileServer():     mapfile location C:\ProgramData\Elgato\StreamDeck\STREAMDECKINTERNALSHM
09:41:33.660                     StreamDeck                        ESDSharedFileServer::close():                   Close SharedFile
09:41:33.775                     StreamDeck                        MainWindow::event():                            Wake up keypad(s).
09:41:37.180                     StreamDeck                        KA_Execute::execute():                          execute D:\Scripts\DisplaySwitchExtend.bat
09:41:38.221                     StreamDeck                        ESDObsConnectionManager::CreateSocket::<lambda_2aa1c9d242cae83e7007c40c4c7db86a>::operator ()(): SLOBS returned error Connection refused
09:41:47.230                     StreamDeck                        ESDObsConnectionManager::CreateSocket::<lambda_2aa1c9d242cae83e7007c40c4c7db86a>::operator ()(): SLOBS returned error Connection refused
09:41:56.222                     StreamDeck                        ESDObsConnectionManager::CreateSocket::<lambda_2aa1c9d242cae83e7007c40c4c7db86a>::operator ()(): SLOBS returned error Connection refused
09:43:44.564                     StreamDeck                        MainWindow::event():                            Wake up keypad(s).
09:44:13.274                     StreamDeck                        KA_Execute::execute():                          execute C:/Windows/system32/cmd.exe
09:44:13.334                     StreamDeck                        MainWindow::event():                            Wake up keypad(s).
09:44:30.460                     StreamDeck                        MainWindow::event():                            Wake up keypad(s).
09:45:33.892                     StreamDeck                        MainWindow::event():                            Wake up keypad(s).
09:45:54.667                     StreamDeck                        KA_Execute::execute():                          execute C:/Windows/system32/cmd.exe
09:45:54.725                     StreamDeck                        MainWindow::event():                            Wake up keypad(s).
09:46:09.177                     StreamDeck                        KA_Execute::execute():                          execute C:/Windows/system32/cmd.exe
09:46:10.428                     StreamDeck                        MainWindow::event():                            Wake up keypad(s).
09:46:12.025                     StreamDeck                        MainWindow::event():                            Wake up keypad(s).
09:46:28.808                     StreamDeck                        KA_Execute::execute():                          execute C:/Windows/system32/cmd.exe
09:47:56.625                     StreamDeck                        KA_Execute::execute():                          execute C:/Windows/system32/cmd.exe
09:48:13.214                     StreamDeck                        KA_Execute::execute():                          execute C:/Windows/system32/cmd.exe
09:48:42.526                     StreamDeck                        KA_Execute::execute():                          execute C:/Windows/system32/cmd.exe
09:48:59.904                     StreamDeck                        MainWindow::event():                            Wake up keypad(s).
09:49:27.588                     StreamDeck                        MainWindow::event():                            Wake up keypad(s).
09:49:28.888                     StreamDeck                        KA_Execute::execute():                          execute C:/Windows/system32/cmd.exe
09:49:28.946                     StreamDeck                        MainWindow::event():                            Wake up keypad(s).
09:49:39.641                     StreamDeck                        KA_Execute::execute():                          execute C:/Windows/system32/cmd.exe
09:49:43.802                     StreamDeck                        KA_Execute::execute():                          execute C:/Windows/system32/cmd.exe
09:55:35.968                     StreamDeck                        KA_Execute::execute():                          execute C:/Windows/system32/cmd.exe
09:59:08.742                     StreamDeck                        KA_Execute::execute():                          execute C:/Windows/system32/cmd.exe
10:01:55.933                     StreamDeck                        KA_Execute::execute():                          execute C:/Windows/system32/cmd.exe
10:05:34.628                     StreamDeck                        KA_Execute::execute():                          execute C:/Windows/system32/cmd.exe
10:10:12.392                     StreamDeck                        MainWindow::event():                            Wake up keypad(s).
10:11:28.364                     StreamDeck                        KA_Execute::execute():                          execute C:/Windows/system32/cmd.exe
10:11:28.427                     StreamDeck                        MainWindow::event():                            Wake up keypad(s).
10:11:52.487                     StreamDeck                        KA_Execute::execute():                          execute C:/Windows/system32/cmd.exe
10:11:54.465                     StreamDeck                        KA_Execute::execute():                          execute C:/Windows/system32/cmd.exe
10:12:14.212                     StreamDeck                        MainWindow::event():                            Wake up keypad(s).
10:42:26.788                     StreamDeck                        KA_Execute::execute():                          execute C:/Windows/system32/cmd.exe
10:42:38.305                     StreamDeck                        KA_Execute::execute():                          execute C:/Windows/system32/cmd.exe
10:42:40.894                     StreamDeck                        KA_Execute::execute():                          execute C:/Windows/system32/cmd.exe
10:42:49.415                     StreamDeck                        KA_Execute::execute():                          execute C:/Windows/system32/cmd.exe
10:45:25.745                     StreamDeck                        KA_Execute::execute():                          execute C:/Windows/system32/cmd.exe
10:45:33.908                     StreamDeck                        KA_Execute::execute():                          execute C:/Windows/system32/cmd.exe
10:45:39.788                     StreamDeck                        KA_Execute::execute():                          execute C:/Windows/system32/cmd.exe
10:45:58.275                     epl                               dbgcommand():                                   using log file 'C:\Users\hutch\AppData\Roaming\Elgato\StreamDeck\logs\StreamDeck0.log'
10:45:58.276                     StreamDeck                        main():                                         Using preferences from \HKEY_CURRENT_USER\Software\Elgato Systems GmbH\StreamDeck
10:45:58.470                     StreamDeck                        EGQTTranslationManager::LoadLocalizations():    Could not load the 'en_CA' localization
10:45:58.474                     StreamDeck                        main():                                         Compiled with Qt 6.3.1 ; SSL: OpenSSL 1.1.1m  14 Dec 2021
10:45:58.474                     StreamDeck                        main():                                         Runtime SSL Supported: 1
10:45:58.474                     StreamDeck                        main():                                         Runtime SSL version used: OpenSSL 1.1.1q  5 Jul 2022
10:45:58.474                     StreamDeck                        main():                                         Another Stream Deck instance is running. Quit!
10:45:58.474                     StreamDeck                        ESDSharedFileServer::ESDSharedFileServer():     mapfile location C:\ProgramData\Elgato\StreamDeck\STREAMDECKINTERNALSHM
10:45:58.474                     StreamDeck                        ESDSharedFileServer::close():                   Close SharedFile
10:45:58.536                     StreamDeck                        MainWindow::event():                            Wake up keypad(s).
10:47:15.424                     StreamDeck                        KA_Execute::execute():                          execute C:/Windows/system32/cmd.exe
10:47:25.374                     StreamDeck                        MainWindow::event():                            Wake up keypad(s).
10:47:52.865                     StreamDeck                        KA_Execute::execute():                          execute C:/Windows/system32/cmd.exe
10:47:52.928                     StreamDeck                        MainWindow::event():                            Wake up keypad(s).
10:47:58.341                     StreamDeck                        MainWindow::event():                            Wake up keypad(s).
10:48:27.099                     StreamDeck                        KA_Execute::execute():                          execute C:/Windows/system32/cmd.exe
10:49:11.600                     StreamDeck                        KA_Execute::execute():                          execute C:/Windows/system32/cmd.exe
10:49:49.140                     StreamDeck                        KA_Execute::execute():                          execute C:/Windows/system32/cmd.exe
10:50:13.030                     StreamDeck                        KA_Execute::execute():                          execute C:/Windows/system32/cmd.exe
10:50:18.453                     StreamDeck                        KA_Execute::execute():                          execute C:/Windows/system32/cmd.exe
10:50:24.945                     StreamDeck                        KA_Execute::execute():                          execute C:/Windows/system32/cmd.exe
10:50:31.796                     StreamDeck                        KA_Execute::execute():                          execute C:/Windows/system32/cmd.exe
10:50:43.565                     StreamDeck                        KA_Execute::execute():                          execute C:/Windows/system32/cmd.exe
10:51:04.660                     StreamDeck                        KA_Execute::execute():                          execute C:/Windows/system32/cmd.exe
10:51:48.003                     StreamDeck                        KA_Execute::execute():                          execute C:/Windows/system32/cmd.exe
10:55:03.282                     StreamDeck                        KA_Execute::execute():                          execute C:/Windows/system32/cmd.exe
10:55:14.336                     StreamDeck                        KA_Execute::execute():                          execute C:/Windows/system32/cmd.exe
10:55:23.008                     StreamDeck                        MainWindow::event():                            Wake up keypad(s).
10:55:36.061                     StreamDeck                        MainWindow::event():                            Wake up keypad(s).
10:55:39.132                     StreamDeck                        ESDCustomPluginCommunication::onMessageReceived(): Icon Editor 9A25C7F36DF1A29793F0FBABED0B88C0 is now connected
10:55:49.996                     StreamDeck                        ESDAppStoreManager::UpdateAppStorePlugins():    Check for Plugin Store updates
10:55:49.996                     StreamDeck                        ESDAppStoreManager::UpdateAppStoreIconPacks():  Check for icon pack Store updates
10:55:59.044                     StreamDeck                        MainWindow::event():                            Wake up keypad(s).
10:56:06.503                     StreamDeck                        ESDCustomPluginCommunication::onMessageReceived(): PI F6E643CB67B190C35B51763479990522 is now connected
10:56:11.137                     StreamDeck                        MainWindow::event():                            Wake up keypad(s).
10:56:37.096                     StreamDeck                        MainWindow::event():                            Wake up keypad(s).
10:57:26.703                     StreamDeck                        MainWindow::event():                            Wake up keypad(s).
12:05:11.450                     StreamDeck                        MainWindow::event():                            Wake up keypad(s).
12:05:20.776                     StreamDeck                        ESDCustomPluginCommunication::onMessageReceived(): PI 0B3A7CE0A6E4A0E19CB2E08D4DA2FE6E is now connected
12:06:01.831                     StreamDeck                        MainWindow::event():                            Wake up keypad(s).
12:06:25.829                     StreamDeck                        MainWindow::event():                            Wake up keypad(s).
12:21:25.968                     StreamDeck                        KA_Execute::execute():                          execute C:/Windows/system32/cmd.exe
12:23:04.480                     StreamDeck                        KA_Execute::execute():                          execute C:/Windows/system32/cmd.exe
12:27:44.663                     StreamDeck                        KA_Execute::execute():                          execute C:/Windows/system32/cmd.exe
12:31:01.076                     StreamDeck                        KA_Execute::execute():                          execute C:/Windows/system32/cmd.exe
12:31:08.182                     StreamDeck                        KA_Execute::execute():                          execute C:/Windows/system32/cmd.exe
12:34:06.576                     StreamDeck                        MainWindow::event():                            Wake up keypad(s).
12:41:29.873                     StreamDeck                        KA_Execute::execute():                          execute C:/Windows/system32/cmd.exe
12:41:49.250                     StreamDeck                        MainWindow::event():                            Wake up keypad(s).
12:42:10.977                     StreamDeck                        KA_Execute::execute():                          execute C:/Windows/system32/cmd.exe
12:42:11.041                     StreamDeck                        MainWindow::event():                            Wake up keypad(s).
12:42:28.382                     StreamDeck                        KA_Execute::execute():                          execute C:/Windows/system32/cmd.exe
12:42:48.410                     StreamDeck                        MainWindow::event():                            Wake up keypad(s).
12:43:02.106                     StreamDeck                        KA_Execute::execute():                          execute C:/Windows/system32/cmd.exe
12:43:02.168                     StreamDeck                        MainWindow::event():                            Wake up keypad(s).
12:43:08.222                     StreamDeck                        MainWindow::event():                            Wake up keypad(s).
12:43:25.635                     StreamDeck                        MainWindow::event():                            Wake up keypad(s).
12:43:33.366                     StreamDeck                        KA_Execute::execute():                          execute C:/Windows/System32/WindowsPowerShell/v1.0/powershell.exe
12:43:51.386                     StreamDeck                        MainWindow::event():                            Wake up keypad(s).
12:44:14.504                     StreamDeck                        KA_Execute::execute():                          execute C:/Windows/System32/WindowsPowerShell/v1.0/powershell.exe
12:45:52.626                     StreamDeck                        KA_Execute::execute():                          execute C:/Windows/System32/WindowsPowerShell/v1.0/powershell.exe
12:46:01.762                     StreamDeck                        KA_Execute::execute():                          execute C:/Windows/system32/cmd.exe
12:46:06.674                     StreamDeck                        MainWindow::event():                            Wake up keypad(s).
12:46:28.499                     StreamDeck                        KA_Execute::execute():                          execute C:/Windows/system32/cmd.exe
12:46:28.560                     StreamDeck                        MainWindow::event():                            Wake up keypad(s).
12:46:52.724                     StreamDeck                        MainWindow::event():                            Wake up keypad(s).
12:47:08.120                     StreamDeck                        KA_Execute::execute():                          execute C:/Windows/System32/WindowsPowerShell/v1.0/powershell.exe
12:48:25.332                     StreamDeck                        KA_Execute::execute():                          execute C:/Windows/System32/WindowsPowerShell/v1.0/powershell.exe
12:48:57.436                     StreamDeck                        KA_Execute::execute():                          execute C:/Windows/System32/WindowsPowerShell/v1.0/powershell.exe
12:49:29.506                     StreamDeck                        KA_Execute::execute():                          execute C:/Windows/System32/WindowsPowerShell/v1.0/powershell.exe
12:49:38.740                     StreamDeck                        KA_Execute::execute():                          execute C:/Windows/System32/WindowsPowerShell/v1.0/powershell.exe
12:50:52.331                     StreamDeck                        KA_Execute::execute():                          execute C:/Windows/System32/WindowsPowerShell/v1.0/powershell.exe
12:51:35.053                     StreamDeck                        KA_Execute::execute():                          execute C:/Windows/System32/WindowsPowerShell/v1.0/powershell.exe
12:52:51.870                     StreamDeck                        KA_Execute::execute():                          execute C:/Windows/System32/WindowsPowerShell/v1.0/powershell.exe
12:53:16.583                     StreamDeck                        KA_Execute::execute():                          execute C:/Windows/System32/WindowsPowerShell/v1.0/powershell.exe
12:53:23.280                     StreamDeck                        KA_Execute::execute():                          execute C:/Windows/System32/WindowsPowerShell/v1.0/powershell.exe
12:53:54.439                     StreamDeck                        KA_Execute::execute():                          execute C:/Windows/System32/WindowsPowerShell/v1.0/powershell.exe
12:54:29.673                     StreamDeck                        KA_Execute::execute():                          execute C:/Windows/System32/WindowsPowerShell/v1.0/powershell.exe
12:55:01.390                     StreamDeck                        KA_Execute::execute():                          execute C:/Windows/System32/WindowsPowerShell/v1.0/powershell.exe
12:55:18.657                     StreamDeck                        MainWindow::event():                            Wake up keypad(s).
12:55:22.600                     StreamDeck                        KA_Execute::execute():                          execute C:/Windows/system32/cmd.exe
12:55:22.663                     StreamDeck                        MainWindow::event():                            Wake up keypad(s).
12:55:29.753                     StreamDeck                        KA_Execute::execute():                          execute C:/Windows/System32/WindowsPowerShell/v1.0/powershell.exe
12:56:11.961                     StreamDeck                        KA_Execute::execute():                          execute C:/Windows/system32/cmd.exe
12:56:15.157                     StreamDeck                        KA_Execute::execute():                          execute C:/Windows/System32/WindowsPowerShell/v1.0/powershell.exe
12:56:36.825                     StreamDeck                        KA_Execute::execute():                          execute C:/Windows/system32/cmd.exe
12:56:54.333                     StreamDeck                        KA_Execute::execute():                          execute C:/Windows/System32/WindowsPowerShell/v1.0/powershell.exe
12:57:15.917                     StreamDeck                        MainWindow::event():                            Wake up keypad(s).
13:08:34.709                     StreamDeck                        MainWindow::event():                            Wake up keypad(s).
